Dashboard_app/build/app/outputs/mapping/release/mapping.txt
# compiler: R8
# compiler_version: 1.5.64
# min_api: 16
# pg_map_id: ca7381a
...
com.google.android.datatransport.cct.a.zze -> com.google.android.datatransport.cct.b.e:
    java.util.List zza -> a
    java.util.List zza() -> a
com.google.android.datatransport.cct.a.zzf -> com.google.android.datatransport.cct.b.f$a:
com.google.android.datatransport.cct.a.zzg -> com.google.android.datatransport.cct.b.f:
    com.google.android.datatransport.cct.a.zza zzb -> b
    com.google.android.datatransport.cct.a.zzq$zzb zza -> a
    com.google.android.datatransport.cct.a.zza zzb() -> b
    com.google.android.datatransport.cct.a.zzq$zzb zzc() -> c
com.google.android.datatransport.cct.a.zzg$zza -> com.google.android.datatransport.cct.b.f$b:
    com.google.android.datatransport.cct.a.zza zzb -> b
    com.google.android.datatransport.cct.a.zzq$zzb zza -> a
    com.google.android.datatransport.cct.a.zzq$zza zza(com.google.android.datatransport.cct.a.zza) -> a
    com.google.android.datatransport.cct.a.zzq$zza zza(com.google.android.datatransport.cct.a.zzq$zzb) -> a
    com.google.android.datatransport.cct.a.zzq zza() -> a
com.google.android.datatransport.cct.a.zzh -> com.google.android.datatransport.cct.b.g$a:
com.google.android.datatransport.cct.a.zzi -> com.google.android.datatransport.cct.b.g:
    com.google.android.datatransport.cct.a.zzy zzg -> g
    long zzf -> f
    long zza -> a
    long zzc -> c
    int zzb -> b
    byte[] zzd -> d
    java.lang.String zze -> e
    long zza() -> a
    long zzb() -> b
    long zzc() -> c
    int zzd() -> d
    com.google.android.datatransport.cct.a.zzy zze() -> e
    byte[] zzf() -> f
    java.lang.String zzg() -> g
com.google.android.datatransport.cct.a.zzi$zza -> com.google.android.datatransport.cct.b.g$b:
    com.google.android.datatransport.cct.a.zzy zzg -> g
    java.lang.Long zzc -> c
    java.lang.Long zza -> a
    byte[] zzd -> d
    java.lang.String zze -> e
    java.lang.Integer zzb -> b
    java.lang.Long zzf -> f
    com.google.android.datatransport.cct.a.zzt$zza zza(int) -> a
    com.google.android.datatransport.cct.a.zzt$zza zza(long) -> a
    com.google.android.datatransport.cct.a.zzt$zza zza(com.google.android.datatransport.cct.a.zzy) -> a
    com.google.android.datatransport.cct.a.zzt$zza zza(java.lang.String) -> a
    com.google.android.datatransport.cct.a.zzt$zza zza(byte[]) -> a
    com.google.android.datatransport.cct.a.zzt zza() -> a
    com.google.android.datatransport.cct.a.zzt$zza zzb(long) -> b
    com.google.android.datatransport.cct.a.zzt$zza zzc(long) -> c
com.google.android.datatransport.cct.a.zzj -> com.google.android.datatransport.cct.b.h$a:
com.google.android.datatransport.cct.a.zzk -> com.google.android.datatransport.cct.b.h:
    java.util.List zzf -> f
    com.google.android.datatransport.cct.a.zzq zzc -> c
    long zzb -> b
    long zza -> a
    int zzd -> d
    com.google.android.datatransport.cct.a.zzaa zzg -> g
    java.lang.String zze -> e
    com.google.android.datatransport.cct.a.zzq zzb() -> b
    java.util.List zzc() -> c
    int zzd() -> d
    java.lang.String zze() -> e
    long zzf() -> f
    long zzg() -> g